app/build/intermediates/manifest_merge_blame_file/release/processReleaseMainManifest/manifest-merger-blame-release-report.txt
1<?xml version="1.0" encoding="utf-8"?>
2<!--
3    Copyright 2019 Google Inc. All Rights Reserved.
4
5     Licensed under the Apache License, Version 2.0 (the "License");
6     you may not use this file except in compliance with the License.
7     You may obtain a copy of the License at
8
9         http://www.apache.org/licenses/LICENSE-2.0
10
11     Unless required by applicable law or agreed to in writing, software
12     distributed under the License is distributed on an "AS IS" BASIS,
13     WITHOUT WARRANTIES OR CONDITIONS OF ANY KIND, either express or implied.
14     See the License for the specific language governing permissions and
15     limitations under the License.
16-->
17<!--
18 The "package" attribute is rewritten by the Gradle build with the value of applicationId.
19     It is still required here, as it is used to derive paths, for instance when referring
20     to an Activity by ".MyActivity" instead of the full name. If more Activities are added to the
21     application, the package attribute will need to reflect the correct path in order to use
22     the abbreviated format.
23-->
24<manifest xmlns:android="http://schemas.android.com/apk/res/android"
25    package="com.soundswapp.app"
26    android:versionCode="3"
27    android:versionName="3" >
28
29    <uses-sdk
30        android:minSdkVersion="21"
31        android:targetSdkVersion="35" />
32
33    <uses-permission android:name="android.permission.POST_NOTIFICATIONS" />
33-->src\main\AndroidManifest.xml:26:9-80
33-->src\main\AndroidManifest.xml:26:26-78
34
35    <queries>
35-->[com.google.androidbrowserhelper:androidbrowserhelper:2.6.2] AndroidManifest.xml:22:5-30:15
36        <intent>
36-->[com.google.androidbrowserhelper:androidbrowserhelper:2.6.2] AndroidManifest.xml:23:9-29:18
37            <action android:name="android.intent.action.VIEW" />
37-->src\main\AndroidManifest.xml:153:17-68
37-->src\main\AndroidManifest.xml:153:25-66
38
39            <category android:name="android.intent.category.BROWSABLE" />
39-->src\main\AndroidManifest.xml:155:17-77
39-->src\main\AndroidManifest.xml:155:27-75
40
41            <data android:scheme="https" />
41-->src\main\AndroidManifest.xml:142:25-63
41-->src\main\AndroidManifest.xml:156:23-45
42        </intent>
43        <intent>
43-->[com.android.billingclient:billing:7.1.1] AndroidManifest.xml:13:9-15:18
44            <action android:name="com.android.vending.billing.InAppBillingService.BIND" />
44-->[com.android.billingclient:billing:7.1.1] AndroidManifest.xml:14:13-91
44-->[com.android.billingclient:billing:7.1.1] AndroidManifest.xml:14:21-88
45        </intent>
46        <intent>
46-->[com.android.billingclient:billing:7.1.1] AndroidManifest.xml:16:9-18:18
47            <action android:name="com.google.android.apps.play.billingtestcompanion.BillingOverrideService.BIND" />
47-->[com.android.billingclient:billing:7.1.1] AndroidManifest.xml:17:13-116
47-->[com.android.billingclient:billing:7.1.1] AndroidManifest.xml:17:21-113
48        </intent>
49    </queries>
50
51    <uses-permission android:name="com.android.vending.BILLING" />
51-->[com.android.billingclient:billing:7.1.1] AndroidManifest.xml:10:5-67
51-->[com.android.billingclient:billing:7.1.1] AndroidManifest.xml:10:22-64
52
53    <permission
53-->[androidx.core:core:1.13.0] AndroidManifest.xml:22:5-24:47
54        android:name="com.soundswapp.app.DYNAMIC_RECEIVER_NOT_EXPORTED_PERMISSION"
54-->[androidx.core:core:1.13.0] AndroidManifest.xml:23:9-81
55        android:protectionLevel="signature" />
55-->[androidx.core:core:1.13.0] AndroidManifest.xml:24:9-44
56
57    <uses-permission android:name="com.soundswapp.app.DYNAMIC_RECEIVER_NOT_EXPORTED_PERMISSION" /> <!-- Although the *SdkVersion is captured in gradle build files, this is required for non gradle builds -->
57-->[androidx.core:core:1.13.0] AndroidManifest.xml:26:5-97
57-->[androidx.core:core:1.13.0] AndroidManifest.xml:26:22-94
58    <!-- <uses-sdk android:minSdkVersion="14"/> -->
59    <uses-permission android:name="android.permission.ACCESS_NETWORK_STATE" />
59-->[com.google.android.datatransport:transport-backend-cct:3.1.8] AndroidManifest.xml:24:5-79
59-->[com.google.android.datatransport:transport-backend-cct:3.1.8] AndroidManifest.xml:24:22-76
60    <uses-permission android:name="android.permission.INTERNET" />
60-->[com.google.android.datatransport:transport-backend-cct:3.1.8] AndroidManifest.xml:25:5-67
60-->[com.google.android.datatransport:transport-backend-cct:3.1.8] AndroidManifest.xml:25:22-64
61
62    <application
62-->src\main\AndroidManifest.xml:35:5-243:19
63        android:name="com.soundswapp.app.Application"
63-->src\main\AndroidManifest.xml:36:9-35
64        android:allowBackup="true"
64-->src\main\AndroidManifest.xml:37:9-35
65        android:appComponentFactory="androidx.core.app.CoreComponentFactory"
65-->[androidx.core:core:1.13.0] AndroidManifest.xml:28:18-86
66        android:extractNativeLibs="true"
67        android:icon="@mipmap/ic_launcher"
67-->src\main\AndroidManifest.xml:38:9-43
68        android:label="@string/appName"
68-->src\main\AndroidManifest.xml:39:9-40
69        android:manageSpaceActivity="com.google.androidbrowserhelper.trusted.ManageDataLauncherActivity"
69-->src\main\AndroidManifest.xml:41:9-105
70        android:supportsRtl="true"
70-->src\main\AndroidManifest.xml:43:9-35
71        android:theme="@android:style/Theme.Translucent.NoTitleBar" >
71-->src\main\AndroidManifest.xml:44:9-68
72        <meta-data
72-->src\main\AndroidManifest.xml:46:9-48:58
73            android:name="asset_statements"
73-->src\main\AndroidManifest.xml:47:13-44
74            android:resource="@string/assetStatements" />
74-->src\main\AndroidManifest.xml:48:13-55
75        <meta-data
75-->src\main\AndroidManifest.xml:51:13-53:58
76            android:name="web_manifest_url"
76-->src\main\AndroidManifest.xml:52:17-48
77            android:value="@string/webManifestUrl" />
77-->src\main\AndroidManifest.xml:53:17-55
78        <meta-data
78-->src\main\AndroidManifest.xml:56:9-58:52
79            android:name="twa_generator"
79-->src\main\AndroidManifest.xml:57:13-41
80            android:value="@string/generatorApp" />
80-->src\main\AndroidManifest.xml:58:13-49
81
82        <activity android:name="com.google.androidbrowserhelper.trusted.ManageDataLauncherActivity" >
82-->src\main\AndroidManifest.xml:65:13-69:24
82-->src\main\AndroidManifest.xml:65:23-104
83            <meta-data
83-->src\main\AndroidManifest.xml:66:13-68:53
84                android:name="android.support.customtabs.trusted.MANAGE_SPACE_URL"
84-->src\main\AndroidManifest.xml:67:17-83
85                android:value="@string/launchUrl" />
85-->src\main\AndroidManifest.xml:68:17-50
86        </activity>
87        <activity
87-->src\main\AndroidManifest.xml:72:9-179:20
88            android:name="com.soundswapp.app.LauncherActivity"
88-->src\main\AndroidManifest.xml:72:19-50
89            android:alwaysRetainTaskState="true"
89-->src\main\AndroidManifest.xml:73:13-49
90            android:exported="true"
90-->src\main\AndroidManifest.xml:75:13-36
91            android:label="@string/launcherName" >
91-->src\main\AndroidManifest.xml:74:13-49
92            <meta-data
92-->src\main\AndroidManifest.xml:76:13-77:53
93                android:name="android.support.customtabs.trusted.DEFAULT_URL"
93-->src\main\AndroidManifest.xml:76:24-85
94                android:value="@string/launchUrl" />
94-->src\main\AndroidManifest.xml:77:17-50
95            <meta-data
95-->src\main\AndroidManifest.xml:79:13-81:58
96                android:name="android.support.customtabs.trusted.STATUS_BAR_COLOR"
96-->src\main\AndroidManifest.xml:80:17-83
97                android:resource="@color/colorPrimary" />
97-->src\main\AndroidManifest.xml:81:17-55
98            <meta-data
98-->src\main\AndroidManifest.xml:85:13-87:62
99                android:name="android.support.customtabs.trusted.STATUS_BAR_COLOR_DARK"
99-->src\main\AndroidManifest.xml:86:17-88
100                android:resource="@color/colorPrimaryDark" />
100-->src\main\AndroidManifest.xml:87:17-59
101            <meta-data
101-->src\main\AndroidManifest.xml:89:13-91:61
102                android:name="android.support.customtabs.trusted.NAVIGATION_BAR_COLOR"
102-->src\main\AndroidManifest.xml:90:17-87
103                android:resource="@color/navigationColor" />
103-->src\main\AndroidManifest.xml:91:17-58
104            <meta-data
104-->src\main\AndroidManifest.xml:93:13-95:65
105                android:name="android.support.customtabs.trusted.NAVIGATION_BAR_COLOR_DARK"
105-->src\main\AndroidManifest.xml:94:17-92
106                android:resource="@color/navigationColorDark" />
106-->src\main\AndroidManifest.xml:95:17-62
107            <meta-data
107-->src\main\AndroidManifest.xml:97:13-99:68
108                android:name="androix.browser.trusted.NAVIGATION_BAR_DIVIDER_COLOR"
108-->src\main\AndroidManifest.xml:98:17-84
109                android:resource="@color/navigationDividerColor" />
109-->src\main\AndroidManifest.xml:99:17-65
110            <meta-data
110-->src\main\AndroidManifest.xml:101:13-103:72
111                android:name="androix.browser.trusted.NAVIGATION_BAR_DIVIDER_COLOR_DARK"
111-->src\main\AndroidManifest.xml:102:17-89
112                android:resource="@color/navigationDividerColorDark" />
112-->src\main\AndroidManifest.xml:103:17-69
113            <meta-data
113-->src\main\AndroidManifest.xml:105:13-106:54
114                android:name="android.support.customtabs.trusted.SPLASH_IMAGE_DRAWABLE"
114-->src\main\AndroidManifest.xml:105:24-95
115                android:resource="@drawable/splash" />
115-->src\main\AndroidManifest.xml:106:17-52
116            <meta-data
116-->src\main\AndroidManifest.xml:108:13-109:60
117                android:name="android.support.customtabs.trusted.SPLASH_SCREEN_BACKGROUND_COLOR"
117-->src\main\AndroidManifest.xml:108:24-104
118                android:resource="@color/backgroundColor" />
118-->src\main\AndroidManifest.xml:109:17-58
119            <meta-data
119-->src\main\AndroidManifest.xml:111:13-112:71
120                android:name="android.support.customtabs.trusted.SPLASH_SCREEN_FADE_OUT_DURATION"
120-->src\main\AndroidManifest.xml:111:24-105
121                android:value="@integer/splashScreenFadeOutDuration" />
121-->src\main\AndroidManifest.xml:112:17-69
122            <meta-data
122-->src\main\AndroidManifest.xml:114:13-115:60
123                android:name="android.support.customtabs.trusted.FILE_PROVIDER_AUTHORITY"
123-->src\main\AndroidManifest.xml:114:24-97
124                android:value="@string/providerAuthority" />
124-->src\main\AndroidManifest.xml:115:17-58
125            <meta-data
125-->src\main\AndroidManifest.xml:117:13-97
126                android:name="android.app.shortcuts"
126-->src\main\AndroidManifest.xml:117:24-60
127                android:resource="@xml/shortcuts" />
127-->src\main\AndroidManifest.xml:117:61-94
128            <meta-data
128-->src\main\AndroidManifest.xml:119:13-120:56
129                android:name="android.support.customtabs.trusted.FALLBACK_STRATEGY"
129-->src\main\AndroidManifest.xml:119:24-91
130                android:value="@string/fallbackType" />
130-->src\main\AndroidManifest.xml:120:17-53
131            <meta-data
131-->src\main\AndroidManifest.xml:123:17-125:61
132                android:name="android.support.customtabs.trusted.METADATA_SHARE_TARGET"
132-->src\main\AndroidManifest.xml:124:21-92
133                android:resource="@string/shareTarget" />
133-->src\main\AndroidManifest.xml:125:21-59
134            <meta-data
134-->src\main\AndroidManifest.xml:130:13-131:54
135                android:name="android.support.customtabs.trusted.SCREEN_ORIENTATION"
135-->src\main\AndroidManifest.xml:130:24-92
136                android:value="@string/orientation" />
136-->src\main\AndroidManifest.xml:131:17-52
137
138            <intent-filter>
138-->src\main\AndroidManifest.xml:136:17-144:33
139                <action android:name="android.intent.action.SEND" />
139-->src\main\AndroidManifest.xml:138:25-77
139-->src\main\AndroidManifest.xml:138:33-74
140
141                <category android:name="android.intent.category.DEFAULT" />
141-->src\main\AndroidManifest.xml:140:21-80
141-->src\main\AndroidManifest.xml:140:31-77
142
143                <data android:mimeType="text/plain" />
143-->src\main\AndroidManifest.xml:142:25-63
143-->src\main\AndroidManifest.xml:142:31-60
144            </intent-filter>
145            <intent-filter>
145-->src\main\AndroidManifest.xml:147:13-150:29
146                <action android:name="android.intent.action.MAIN" />
146-->src\main\AndroidManifest.xml:148:17-69
146-->src\main\AndroidManifest.xml:148:25-66
147
148                <category android:name="android.intent.category.LAUNCHER" />
148-->src\main\AndroidManifest.xml:149:17-77
148-->src\main\AndroidManifest.xml:149:27-74
149            </intent-filter>
150            <intent-filter android:autoVerify="true" >
150-->src\main\AndroidManifest.xml:152:13-160:29
150-->src\main\AndroidManifest.xml:152:28-53
151                <action android:name="android.intent.action.VIEW" />
151-->src\main\AndroidManifest.xml:153:17-68
151-->src\main\AndroidManifest.xml:153:25-66
152
153                <category android:name="android.intent.category.DEFAULT" />
153-->src\main\AndroidManifest.xml:140:21-80
153-->src\main\AndroidManifest.xml:140:31-77
154                <category android:name="android.intent.category.BROWSABLE" />
154-->src\main\AndroidManifest.xml:155:17-77
154-->src\main\AndroidManifest.xml:155:27-75
155
156                <data
156-->src\main\AndroidManifest.xml:142:25-63
157                    android:host="@string/hostName"
157-->src\main\AndroidManifest.xml:157:21-52
158                    android:scheme="https" />
158-->src\main\AndroidManifest.xml:156:23-45
159            </intent-filter>
160            <intent-filter>
160-->src\main\AndroidManifest.xml:165:17-170:27
161                <action android:name="android.intent.action.VIEW" />
161-->src\main\AndroidManifest.xml:153:17-68
161-->src\main\AndroidManifest.xml:153:25-66
162
163                <category android:name="android.intent.category.DEFAULT" />
163-->src\main\AndroidManifest.xml:140:21-80
163-->src\main\AndroidManifest.xml:140:31-77
164                <category android:name="android.intent.category.BROWSABLE" />
164-->src\main\AndroidManifest.xml:155:17-77
164-->src\main\AndroidManifest.xml:155:27-75
165
166                <data android:scheme="web+spotify" />
166-->src\main\AndroidManifest.xml:142:25-63
166-->src\main\AndroidManifest.xml:156:23-45
167            </intent-filter>
168            <intent-filter>
168-->src\main\AndroidManifest.xml:172:17-177:27
169                <action android:name="android.intent.action.VIEW" />
169-->src\main\AndroidManifest.xml:153:17-68
169-->src\main\AndroidManifest.xml:153:25-66
170
171                <category android:name="android.intent.category.DEFAULT" />
171-->src\main\AndroidManifest.xml:140:21-80
171-->src\main\AndroidManifest.xml:140:31-77
172                <category android:name="android.intent.category.BROWSABLE" />
172-->src\main\AndroidManifest.xml:155:17-77
172-->src\main\AndroidManifest.xml:155:27-75
173
174                <data android:scheme="web+youtube" />
174-->src\main\AndroidManifest.xml:142:25-63
174-->src\main\AndroidManifest.xml:156:23-45
175            </intent-filter>
176        </activity>
177        <activity android:name="com.google.androidbrowserhelper.trusted.FocusActivity" />
177-->src\main\AndroidManifest.xml:181:9-90
177-->src\main\AndroidManifest.xml:181:19-87
178        <activity
178-->src\main\AndroidManifest.xml:183:9-184:62
179            android:name="com.google.androidbrowserhelper.trusted.WebViewFallbackActivity"
179-->src\main\AndroidManifest.xml:183:19-97
180            android:configChanges="orientation|screenSize" />
180-->src\main\AndroidManifest.xml:184:13-59
181
182        <provider
182-->src\main\AndroidManifest.xml:186:9-194:20
183            android:name="androidx.core.content.FileProvider"
183-->src\main\AndroidManifest.xml:187:13-62
184            android:authorities="@string/providerAuthority"
184-->src\main\AndroidManifest.xml:188:13-60
185            android:exported="false"
185-->src\main\AndroidManifest.xml:190:13-37
186            android:grantUriPermissions="true" >
186-->src\main\AndroidManifest.xml:189:13-47
187            <meta-data
187-->src\main\AndroidManifest.xml:191:13-193:53
188                android:name="android.support.FILE_PROVIDER_PATHS"
188-->src\main\AndroidManifest.xml:192:17-67
189                android:resource="@xml/filepaths" />
189-->src\main\AndroidManifest.xml:193:17-50
190        </provider>
191
192        <service
192-->src\main\AndroidManifest.xml:196:9-211:19
193            android:name="com.soundswapp.app.DelegationService"
193-->src\main\AndroidManifest.xml:197:13-46
194            android:enabled="@bool/enableNotification"
194-->src\main\AndroidManifest.xml:198:13-55
195            android:exported="@bool/enableNotification" >
195-->src\main\AndroidManifest.xml:199:13-56
196            <meta-data
196-->src\main\AndroidManifest.xml:202:17-204:73
197                android:name="android.support.customtabs.trusted.SMALL_ICON"
197-->src\main\AndroidManifest.xml:203:21-81
198                android:resource="@drawable/ic_notification_icon" />
198-->src\main\AndroidManifest.xml:204:21-70
199
200            <intent-filter>
200-->src\main\AndroidManifest.xml:207:13-210:29
201                <action android:name="android.support.customtabs.trusted.TRUSTED_WEB_ACTIVITY_SERVICE" />
201-->src\main\AndroidManifest.xml:208:17-105
201-->src\main\AndroidManifest.xml:208:25-103
202
203                <category android:name="android.intent.category.DEFAULT" />
203-->src\main\AndroidManifest.xml:140:21-80
203-->src\main\AndroidManifest.xml:140:31-77
204            </intent-filter>
205        </service>
206
207        <activity android:name="com.google.androidbrowserhelper.trusted.NotificationPermissionRequestActivity" />
207-->src\main\AndroidManifest.xml:214:13-118
207-->src\main\AndroidManifest.xml:214:23-115
208        <activity
208-->src\main\AndroidManifest.xml:219:9-232:20
209            android:name="com.google.androidbrowserhelper.playbilling.provider.PaymentActivity"
209-->src\main\AndroidManifest.xml:220:13-96
210            android:configChanges="keyboardHidden|keyboard|orientation|screenLayout|screenSize"
210-->src\main\AndroidManifest.xml:222:13-96
211            android:exported="true"
211-->src\main\AndroidManifest.xml:223:13-36
212            android:theme="@android:style/Theme.Translucent.NoTitleBar" >
212-->src\main\AndroidManifest.xml:221:13-72
213            <intent-filter>
213-->src\main\AndroidManifest.xml:225:13-227:29
214                <action android:name="org.chromium.intent.action.PAY" />
214-->src\main\AndroidManifest.xml:226:17-73
214-->src\main\AndroidManifest.xml:226:25-70
215            </intent-filter>
216
217            <meta-data
217-->src\main\AndroidManifest.xml:229:13-231:67
218                android:name="org.chromium.default_payment_method_name"
218-->src\main\AndroidManifest.xml:230:17-72
219                android:value="https://play.google.com/billing" />
219-->src\main\AndroidManifest.xml:231:17-64
220        </activity>
221
222        <!-- This service checks who calls it at runtime. -->
223        <service
223-->src\main\AndroidManifest.xml:235:9-241:19
224            android:name="com.google.androidbrowserhelper.playbilling.provider.PaymentService"
224-->src\main\AndroidManifest.xml:236:13-95
225            android:exported="true" >
225-->src\main\AndroidManifest.xml:237:13-36
226            <intent-filter>
226-->src\main\AndroidManifest.xml:238:13-240:29
227                <action android:name="org.chromium.intent.action.IS_READY_TO_PAY" />
227-->src\main\AndroidManifest.xml:239:17-85
227-->src\main\AndroidManifest.xml:239:25-82
228            </intent-filter>
229        </service>
230
231        <meta-data
231-->[com.android.billingclient:billing:7.1.1] AndroidManifest.xml:22:9-24:37
232            android:name="com.google.android.play.billingclient.version"
232-->[com.android.billingclient:billing:7.1.1] AndroidManifest.xml:23:13-73
233            android:value="7.1.1" />
233-->[com.android.billingclient:billing:7.1.1] AndroidManifest.xml:24:13-34
234
235        <activity
235-->[com.android.billingclient:billing:7.1.1] AndroidManifest.xml:26:9-30:75
236            android:name="com.android.billingclient.api.ProxyBillingActivity"
236-->[com.android.billingclient:billing:7.1.1] AndroidManifest.xml:27:13-78
237            android:configChanges="keyboard|keyboardHidden|screenLayout|screenSize|orientation"
237-->[com.android.billingclient:billing:7.1.1] AndroidManifest.xml:28:13-96
238            android:exported="false"
238-->[com.android.billingclient:billing:7.1.1] AndroidManifest.xml:29:13-37
239            android:theme="@android:style/Theme.Translucent.NoTitleBar" />
239-->[com.android.billingclient:billing:7.1.1] AndroidManifest.xml:30:13-72
240        <activity
240-->[com.android.billingclient:billing:7.1.1] AndroidManifest.xml:31:9-35:75
241            android:name="com.android.billingclient.api.ProxyBillingActivityV2"
241-->[com.android.billingclient:billing:7.1.1] AndroidManifest.xml:32:13-80
242            android:configChanges="keyboard|keyboardHidden|screenLayout|screenSize|orientation"
242-->[com.android.billingclient:billing:7.1.1] AndroidManifest.xml:33:13-96
243            android:exported="false"
243-->[com.android.billingclient:billing:7.1.1] AndroidManifest.xml:34:13-37
244            android:theme="@android:style/Theme.Translucent.NoTitleBar" />
244-->[com.android.billingclient:billing:7.1.1] AndroidManifest.xml:35:13-72
245        <activity
245-->[com.google.android.gms:play-services-base:18.5.0] AndroidManifest.xml:5:9-173
246            android:name="com.google.android.gms.common.api.GoogleApiActivity"
246-->[com.google.android.gms:play-services-base:18.5.0] AndroidManifest.xml:5:19-85
247            android:exported="false"
247-->[com.google.android.gms:play-services-base:18.5.0] AndroidManifest.xml:5:146-170
248            android:theme="@android:style/Theme.Translucent.NoTitleBar" />
248-->[com.google.android.gms:play-services-base:18.5.0] AndroidManifest.xml:5:86-145
249
250        <meta-data
250-->[com.google.android.gms:play-services-basement:18.4.0] AndroidManifest.xml:6:9-122
251            android:name="com.google.android.gms.version"
251-->[com.google.android.gms:play-services-basement:18.4.0] AndroidManifest.xml:6:20-65
252            android:value="@integer/google_play_services_version" />
252-->[com.google.android.gms:play-services-basement:18.4.0] AndroidManifest.xml:6:66-119
253
254        <provider
254-->[androidx.emoji2:emoji2:1.3.0] AndroidManifest.xml:24:9-32:20
255            android:name="androidx.startup.InitializationProvider"
255-->[androidx.emoji2:emoji2:1.3.0] AndroidManifest.xml:25:13-67
256            android:authorities="com.soundswapp.app.androidx-startup"
256-->[androidx.emoji2:emoji2:1.3.0] AndroidManifest.xml:26:13-68
257            android:exported="false" >
257-->[androidx.emoji2:emoji2:1.3.0] AndroidManifest.xml:27:13-37
258            <meta-data
258-->[androidx.emoji2:emoji2:1.3.0] AndroidManifest.xml:29:13-31:52
259                android:name="androidx.emoji2.text.EmojiCompatInitializer"
259-->[androidx.emoji2:emoji2:1.3.0] AndroidManifest.xml:30:17-75
260                android:value="androidx.startup" />
260-->[androidx.emoji2:emoji2:1.3.0] AndroidManifest.xml:31:17-49
261            <meta-data
261-->[androidx.lifecycle:lifecycle-process:2.6.2] AndroidManifest.xml:29:13-31:52
262                android:name="androidx.lifecycle.ProcessLifecycleInitializer"
262-->[androidx.lifecycle:lifecycle-process:2.6.2] AndroidManifest.xml:30:17-78
263                android:value="androidx.startup" />
263-->[androidx.lifecycle:lifecycle-process:2.6.2] AndroidManifest.xml:31:17-49
264            <meta-data
264-->[androidx.profileinstaller:profileinstaller:1.3.1] AndroidManifest.xml:29:13-31:52
265                android:name="androidx.profileinstaller.ProfileInstallerInitializer"
265-->[androidx.profileinstaller:profileinstaller:1.3.1] AndroidManifest.xml:30:17-85
266                android:value="androidx.startup" />
266-->[androidx.profileinstaller:profileinstaller:1.3.1] AndroidManifest.xml:31:17-49
267        </provider>
268
269        <service
269-->[com.google.android.datatransport:transport-backend-cct:3.1.8] AndroidManifest.xml:28:9-34:19
270            android:name="com.google.android.datatransport.runtime.backends.TransportBackendDiscovery"
270-->[com.google.android.datatransport:transport-backend-cct:3.1.8] AndroidManifest.xml:29:13-103
271            android:exported="false" >
271-->[com.google.android.datatransport:transport-backend-cct:3.1.8] AndroidManifest.xml:30:13-37
272            <meta-data
272-->[com.google.android.datatransport:transport-backend-cct:3.1.8] AndroidManifest.xml:31:13-33:39
273                android:name="backend:com.google.android.datatransport.cct.CctBackendFactory"
273-->[com.google.android.datatransport:transport-backend-cct:3.1.8] AndroidManifest.xml:32:17-94
274                android:value="cct" />
274-->[com.google.android.datatransport:transport-backend-cct:3.1.8] AndroidManifest.xml:33:17-36
275        </service>
276        <service
276-->[com.google.android.datatransport:transport-runtime:3.1.8] AndroidManifest.xml:26:9-30:19
277            android:name="com.google.android.datatransport.runtime.scheduling.jobscheduling.JobInfoSchedulerService"
277-->[com.google.android.datatransport:transport-runtime:3.1.8] AndroidManifest.xml:27:13-117
278            android:exported="false"
278-->[com.google.android.datatransport:transport-runtime:3.1.8] AndroidManifest.xml:28:13-37
279            android:permission="android.permission.BIND_JOB_SERVICE" >
279-->[com.google.android.datatransport:transport-runtime:3.1.8] AndroidManifest.xml:29:13-69
280        </service>
281
282        <receiver
282-->[com.google.android.datatransport:transport-runtime:3.1.8] AndroidManifest.xml:32:9-34:40
283            android:name="com.google.android.datatransport.runtime.scheduling.jobscheduling.AlarmManagerSchedulerBroadcastReceiver"
283-->[com.google.android.datatransport:transport-runtime:3.1.8] AndroidManifest.xml:33:13-132
284            android:exported="false" />
284-->[com.google.android.datatransport:transport-runtime:3.1.8] AndroidManifest.xml:34:13-37
285        <receiver
285-->[androidx.profileinstaller:profileinstaller:1.3.1] AndroidManifest.xml:34:9-52:20
286            android:name="androidx.profileinstaller.ProfileInstallReceiver"
286-->[androidx.profileinstaller:profileinstaller:1.3.1] AndroidManifest.xml:35:13-76
287            android:directBootAware="false"
287-->[androidx.profileinstaller:profileinstaller:1.3.1] AndroidManifest.xml:36:13-44
288            android:enabled="true"
288-->[androidx.profileinstaller:profileinstaller:1.3.1] AndroidManifest.xml:37:13-35
289            android:exported="true"
289-->[androidx.profileinstaller:profileinstaller:1.3.1] AndroidManifest.xml:38:13-36
290            android:permission="android.permission.DUMP" >
290-->[androidx.profileinstaller:profileinstaller:1.3.1] AndroidManifest.xml:39:13-57
291            <intent-filter>
291-->[androidx.profileinstaller:profileinstaller:1.3.1] AndroidManifest.xml:40:13-42:29
292                <action android:name="androidx.profileinstaller.action.INSTALL_PROFILE" />
292-->[androidx.profileinstaller:profileinstaller:1.3.1] AndroidManifest.xml:41:17-91
292-->[androidx.profileinstaller:profileinstaller:1.3.1] AndroidManifest.xml:41:25-88
293            </intent-filter>
294            <intent-filter>
294-->[androidx.profileinstaller:profileinstaller:1.3.1] AndroidManifest.xml:43:13-45:29
295                <action android:name="androidx.profileinstaller.action.SKIP_FILE" />
295-->[androidx.profileinstaller:profileinstaller:1.3.1] AndroidManifest.xml:44:17-85
295-->[androidx.profileinstaller:profileinstaller:1.3.1] AndroidManifest.xml:44:25-82
296            </intent-filter>
297            <intent-filter>
297-->[androidx.profileinstaller:profileinstaller:1.3.1] AndroidManifest.xml:46:13-48:29
298                <action android:name="androidx.profileinstaller.action.SAVE_PROFILE" />
298-->[androidx.profileinstaller:profileinstaller:1.3.1] AndroidManifest.xml:47:17-88
298-->[androidx.profileinstaller:profileinstaller:1.3.1] AndroidManifest.xml:47:25-85
299            </intent-filter>
300            <intent-filter>
300-->[androidx.profileinstaller:profileinstaller:1.3.1] AndroidManifest.xml:49:13-51:29
301                <action android:name="androidx.profileinstaller.action.BENCHMARK_OPERATION" />
301-->[androidx.profileinstaller:profileinstaller:1.3.1] AndroidManifest.xml:50:17-95
301-->[androidx.profileinstaller:profileinstaller:1.3.1] AndroidManifest.xml:50:25-92
302            </intent-filter>
303        </receiver>
304    </application>
305
306</manifest>